#
# There is insufficient memory for the Java Runtime Environment to continue.
# Native memory allocation (mmap) failed to map 65536 bytes. Error detail: Failed to commit metaspace.
# Possible reasons:
#   The system is out of physical RAM or swap space
#   This process is running with CompressedOops enabled, and the Java Heap may be blocking the growth of the native heap
# Possible solutions:
#   Reduce memory load on the system
#   Increase physical memory or swap space
#   Check if swap backing store is full
#   Decrease Java heap size (-Xmx/-Xms)
#   Decrease number of Java threads
#   Decrease Java thread stack sizes (-Xss)
#   Set larger code cache with -XX:ReservedCodeCacheSize=
#   JVM is running with Unscaled Compressed Oops mode in which the Java heap is
#     placed in the first 4GB address space. The Java Heap base address is the
#     maximum limit for the native heap growth. Please use -XX:HeapBaseMinAddress
#     to set the Java Heap base and to place the Java Heap above 4GB virtual address.
# This output file may be truncated or incomplete.
#
#  Out of Memory Error (virtualSpaceNode.cpp:110), pid=10336, tid=5720
#
# JRE version: OpenJDK Runtime Environment OpenLogic-OpenJDK (17.0.16+8) (build 17.0.16+8-adhoc..jdk17u)
# Java VM: OpenJDK 64-Bit Server VM OpenLogic-OpenJDK (17.0.16+8-adhoc..jdk17u, mixed mode, sharing, tiered, compressed oops, compressed class ptrs, g1 gc, windows-amd64)
# No core dump will be written. Minidumps are not enabled by default on client versions of Windows
#

---------------  S U M M A R Y ------------

Command Line: -Xmx64m -Xms64m -Dorg.gradle.appname=gradlew D:\Aplex\android\\gradle\wrapper\gradle-wrapper.jar assembleDebug

Host: Intel(R) Core(TM) i7-7600U CPU @ 2.80GHz, 4 cores, 15G,  Windows 11 , 64 bit Build 22621 (10.0.22621.3958)
Time: Mon Feb 23 20:51:14 2026 Pakistan Standard Time elapsed time: 89.150471 seconds (0d 0h 1m 29s)

---------------  T H R E A D  ---------------

Current thread (0x00000273d855cbf0):  JavaThread "main" [_thread_in_vm, id=5720, stack(0x0000008905d00000,0x0000008905e00000)]

Stack: [0x0000008905d00000,0x0000008905e00000]
Native frames: (J=compiled Java code, j=interpreted, Vv=VM code, C=native code)
V  [jvm.dll+0x681269]
V  [jvm.dll+0x838d1a]
V  [jvm.dll+0x83a7de]
V  [jvm.dll+0x83ae43]
V  [jvm.dll+0x2484af]
V  [jvm.dll+0x8349cd]
V  [jvm.dll+0x62557e]
V  [jvm.dll+0x1c1e3b]
V  [jvm.dll+0x627f0d]
V  [jvm.dll+0x625f26]
V  [jvm.dll+0x36fec2]
V  [jvm.dll+0x1e3b4b]
V  [jvm.dll+0x5454c7]
V  [jvm.dll+0x7b2e92]
V  [jvm.dll+0x7b2dfa]
V  [jvm.dll+0x412789]
V  [jvm.dll+0x42600c]
C  [java.dll+0x1657]

Java frames: (J=compiled Java code, j=interpreted, Vv=VM code)
J 2057  java.lang.ClassLoader.defineClass0(Ljava/lang/ClassLoader;Ljava/lang/Class;Ljava/lang/String;[BIILjava/security/ProtectionDomain;ZILjava/lang/Object;)Ljava/lang/Class; java.base@17.0.16 (0 bytes) @ 0x00000273ea7bc2b1 [0x00000273ea7bc1c0+0x00000000000000f1]
j  java.lang.System$2.defineClass(Ljava/lang/ClassLoader;Ljava/lang/Class;Ljava/lang/String;[BLjava/security/ProtectionDomain;ZILjava/lang/Object;)Ljava/lang/Class;+17 java.base@17.0.16
j  java.lang.invoke.MethodHandles$Lookup$ClassDefiner.defineClass(ZLjava/lang/Object;)Ljava/lang/Class;+54 java.base@17.0.16
j  java.lang.invoke.MethodHandles$Lookup$ClassDefiner.defineClassAsLookup(Z)Ljava/lang/invoke/MethodHandles$Lookup;+3 java.base@17.0.16
j  java.lang.invoke.MethodHandles$Lookup.defineHiddenClass([BZ[Ljava/lang/invoke/MethodHandles$Lookup$ClassOption;)Ljava/lang/invoke/MethodHandles$Lookup;+65 java.base@17.0.16
j  java.lang.invoke.InnerClassLambdaMetafactory.generateInnerClass()Ljava/lang/Class;+580 java.base@17.0.16
j  java.lang.invoke.InnerClassLambdaMetafactory.spinInnerClass()Ljava/lang/Class;+114 java.base@17.0.16
j  java.lang.invoke.InnerClassLambdaMetafactory.buildCallSite()Ljava/lang/invoke/CallSite;+1 java.base@17.0.16
j  java.lang.invoke.LambdaMetafactory.metafactory(Ljava/lang/invoke/MethodHandles$Lookup;Ljava/lang/String;Ljava/lang/invoke/MethodType;Ljava/lang/invoke/MethodType;Ljava/lang/invoke/MethodHandle;Ljava/lang/invoke/MethodType;)Ljava/lang/invoke/CallSite;+67 java.base@17.0.16
j  java.lang.invoke.DirectMethodHandle$Holder.invokeStatic(Ljava/lang/Object;Ljava/lang/Object;Ljava/lang/Object;Ljava/lang/Object;Ljava/lang/Object;Ljava/lang/Object;Ljava/lang/Object;)Ljava/lang/Object;+20 java.base@17.0.16
j  java.lang.invoke.Invokers$Holder.invokeExact_MT(Ljava/lang/Object;Ljava/lang/Object;Ljava/lang/Object;Ljava/lang/Object;Ljava/lang/Object;Ljava/lang/Object;Ljava/lang/Object;Ljava/lang/Object;)Ljava/lang/Object;+28 java.base@17.0.16
j  java.lang.invoke.BootstrapMethodInvoker.invoke(Ljava/lang/Class;Ljava/lang/invoke/MethodHandle;Ljava/lang/String;Ljava/lang/Object;Ljava/lang/Object;Ljava/lang/Class;)Ljava/lang/Object;+319 java.base@17.0.16
j  java.lang.invoke.CallSite.makeSite(Ljava/lang/invoke/MethodHandle;Ljava/lang/String;Ljava/lang/invoke/MethodType;Ljava/lang/Object;Ljava/lang/Class;)Ljava/lang/invoke/CallSite;+8 java.base@17.0.16
j  java.lang.invoke.MethodHandleNatives.linkCallSiteImpl(Ljava/lang/Class;Ljava/lang/invoke/MethodHandle;Ljava/lang/String;Ljava/lang/invoke/MethodType;Ljava/lang/Object;[Ljava/lang/Object;)Ljava/lang/invoke/MemberName;+6 java.base@17.0.16
j  java.lang.invoke.MethodHandleNatives.linkCallSite(Ljava/lang/Object;ILjava/lang/Object;Ljava/lang/Object;Ljava/lang/Object;Ljava/lang/Object;[Ljava/lang/Object;)Ljava/lang/invoke/MemberName;+46 java.base@17.0.16
v  ~StubRoutines::call_stub
j  org.gradle.internal.buildevents.BuildExceptionReporter.hasProblemReportsWithSolutions(Ljava/lang/Throwable;Lorg/gradle/api/problems/internal/ProblemLocator;)Z+12
j  org.gradle.internal.buildevents.BuildExceptionReporter.fillInFailureResolution(Lorg/gradle/internal/buildevents/BuildExceptionReporter$FailureDetails;Lorg/gradle/api/problems/internal/ProblemLocator;)V+83
j  org.gradle.internal.buildevents.BuildExceptionReporter.constructFailureDetails(Ljava/lang/String;Ljava/lang/Throwable;Lorg/gradle/api/problems/internal/ProblemLocator;)Lorg/gradle/internal/buildevents/BuildExceptionReporter$FailureDetails;+37
j  org.gradle.internal.buildevents.BuildExceptionReporter.renderSingleBuildException(Ljava/lang/Throwable;Lorg/gradle/api/problems/internal/ProblemLocator;)V+20
j  org.gradle.internal.buildevents.BuildExceptionReporter.execute(Ljava/lang/Throwable;Lorg/gradle/api/problems/internal/ProblemLocator;)V+22
j  org.gradle.internal.buildevents.BuildExceptionReporter.execute(Ljava/lang/Throwable;)V+7
j  org.gradle.internal.buildevents.BuildExceptionReporter.execute(Ljava/lang/Object;)V+5
j  org.gradle.launcher.cli.ExceptionReportingAction.execute(Lorg/gradle/launcher/bootstrap/ExecutionListener;)V+89
j  org.gradle.launcher.cli.ExceptionReportingAction.execute(Ljava/lang/Object;)V+5
j  org.gradle.launcher.cli.DefaultCommandLineActionFactory$WithLogging.execute(Lorg/gradle/launcher/bootstrap/ExecutionListener;)V+309
j  org.gradle.launcher.Main.doAction([Ljava/lang/String;Lorg/gradle/launcher/bootstrap/ExecutionListener;)V+14
j  org.gradle.launcher.bootstrap.EntryPoint.run([Ljava/lang/String;)V+12
v  ~StubRoutines::call_stub
j  jdk.internal.reflect.NativeMethodAccessorImpl.invoke0(Ljava/lang/reflect/Method;Ljava/lang/Object;[Ljava/lang/Object;)Ljava/lang/Object;+0 java.base@17.0.16
j  jdk.internal.reflect.NativeMethodAccessorImpl.invoke(Ljava/lang/Object;[Ljava/lang/Object;)Ljava/lang/Object;+133 java.base@17.0.16
j  jdk.internal.reflect.DelegatingMethodAccessorImpl.invoke(Ljava/lang/Object;[Ljava/lang/Object;)Ljava/lang/Object;+6 java.base@17.0.16
j  java.lang.reflect.Method.invoke(Ljava/lang/Object;[Ljava/lang/Object;)Ljava/lang/Object;+59 java.base@17.0.16
j  org.gradle.launcher.bootstrap.ProcessBootstrap.runNoExit(Ljava/lang/String;Ljava/lang/String;Ljava/lang/String;[Ljava/lang/String;)V+205
j  org.gradle.launcher.bootstrap.ProcessBootstrap.run(Ljava/lang/String;Ljava/lang/String;Ljava/lang/String;[Ljava/lang/String;)V+4
j  org.gradle.launcher.GradleMain.main([Ljava/lang/String;)V+68
v  ~StubRoutines::call_stub
j  jdk.internal.reflect.NativeMethodAccessorImpl.invoke0(Ljava/lang/reflect/Method;Ljava/lang/Object;[Ljava/lang/Object;)Ljava/lang/Object;+0 java.base@17.0.16
j  jdk.internal.reflect.NativeMethodAccessorImpl.invoke(Ljava/lang/Object;[Ljava/lang/Object;)Ljava/lang/Object;+133 java.base@17.0.16
j  jdk.internal.reflect.DelegatingMethodAccessorImpl.invoke(Ljava/lang/Object;[Ljava/lang/Object;)Ljava/lang/Object;+6 java.base@17.0.16
j  java.lang.reflect.Method.invoke(Ljava/lang/Object;[Ljava/lang/Object;)Ljava/lang/Object;+59 java.base@17.0.16
j  org.gradle.wrapper.GradleWrapperMain.main([Ljava/lang/String;)V+1826
v  ~StubRoutines::call_stub

Compiled method (n/a)   89252 2057     n 0       java.lang.ClassLoader::defineClass0 (native)
 total in heap  [0x00000273ea7bc010,0x00000273ea7bc538] = 1320
 relocation     [0x00000273ea7bc170,0x00000273ea7bc1a8] = 56
 main code      [0x00000273ea7bc1c0,0x00000273ea7bc538] = 888

[Constant Pool (empty)]

[MachCode]
[Entry Point]
  # {method} {0x00000273800114a0} 'defineClass0' '(Ljava/lang/ClassLoader;Ljava/lang/Class;Ljava/lang/String;[BIILjava/security/ProtectionDomain;ZILjava/lang/Object;)Ljava/lang/Class;' in 'java/lang/ClassLoader'
  # parm0:    rdx:rdx   = 'java/lang/ClassLoader'
  # parm1:    r8:r8     = 'java/lang/Class'
  # parm2:    r9:r9     = 'java/lang/String'
  # parm3:    rdi:rdi   = '[B'
  # parm4:    rsi       = int
  # parm5:    rcx       = int
  # parm6:    [sp+0xb0]   = 'java/security/ProtectionDomain'  (sp of caller)
  # parm7:    [sp+0xb8]   = boolean
  # parm8:    [sp+0xc0]   = int
  # parm9:    [sp+0xc8]   = 'java/lang/Object'
  0x00000273ea7bc1c0: 448b 5208 | 49bb 0000 | 0080 7302 | 0000 4d03 | d349 3bc2 | 0f84 0600 

  0x00000273ea7bc1d8: ;   {runtime_call ic_miss_stub}
  0x00000273ea7bc1d8: 0000 e9a1 | 4e9d ff90 
[Verified Entry Point]
  0x00000273ea7bc1e0: 8984 2400 | 90ff ff55 | 488b ec48 | 81ec a000 | 0000 4881 | 7d28 0000 | 0000 488d | 4528 480f 
  0x00000273ea7bc200: 4445 2848 | 8944 2458 | 4863 4520 | 4889 4424 | 5048 6345 | 1848 8944 | 2448 4881 | 7d10 0000 
  0x00000273ea7bc220: 0000 488d | 4510 480f | 4445 1048 | 8944 2440 | 4889 4c24 | 3848 8974 | 2430 4889 | 7c24 7848 
  0x00000273ea7bc240: 83ff 0048 | 8d44 2478 | 480f 4444 | 2478 4889 | 4424 284c | 894c 2470 | 4983 f900 | 488d 4424 
  0x00000273ea7bc260: 7048 0f44 | 4424 7048 | 8944 2420 | 4c89 4424 | 6849 83f8 | 004c 8d4c | 2468 4c0f | 444c 2468 
  0x00000273ea7bc280: 4889 5424 | 6048 83fa | 004c 8d44 | 2460 4c0f | 4444 2460 

  0x00000273ea7bc294: ;   {oop(a 'java/lang/Class'{0x00000000fc6fa2c0} = 'java/lang/ClassLoader')}
  0x00000273ea7bc294: 49be c0a2 | 6ffc 0000 | 0000 4c89 | b424 9000 | 0000 4c8d | b424 9000 | 0000 498b | d6c5 f877 
  0x00000273ea7bc2b4: ;   {internal_word}
  0x00000273ea7bc2b4: 49ba b1c2 | 7bea 7302 | 0000 4d89 | 97a0 0200 | 0049 89a7 | 9802 0000 

  0x00000273ea7bc2cc: ;   {external_word}
  0x00000273ea7bc2cc: 49ba 49d6 | 62da f87f | 0000 4180 | 3a00 0f84 | 5200 0000 | 5241 5041 

  0x00000273ea7bc2e4: ;   {metadata({method} {0x00000273800114a0} 'defineClass0' '(Ljava/lang/ClassLoader;Ljava/lang/Class;Ljava/lang/String;[BIILjava/security/ProtectionDomain;ZILjava/lang/Object;)Ljava/lang/Class;' in 'java/lang/ClassLoader')}
  0x00000273ea7bc2e4: 5148 ba98 | 1401 8073 | 0200 0049 | 8bcf 4883 | ec20 f7c4 | 0f00 0000 | 0f84 1a00 | 0000 4883 
  0x00000273ea7bc304: ;   {runtime_call}
  0x00000273ea7bc304: ec08 49ba | 5066 18da | f87f 0000 | 41ff d248 | 83c4 08e9 | 0d00 0000 

  0x00000273ea7bc31c: ;   {runtime_call}
  0x00000273ea7bc31c: 49ba 5066 | 18da f87f | 0000 41ff | d248 83c4 | 2041 5941 | 585a 498d | 8fb8 0200 | 0041 c787 
  0x00000273ea7bc33c: 4003 0000 | 0400 0000 

  0x00000273ea7bc344: ;   {runtime_call}
  0x00000273ea7bc344: 49ba 1c15 | 2a63 f97f | 0000 41ff | d2c5 f877 | 41c7 8740 | 0300 0005 | 0000 00f0 | 8344 24c0 
  0x00000273ea7bc364: 0049 3baf | 4803 0000 | 0f87 1100 | 0000 4181 | bf30 0300 | 0000 0000 | 000f 842c | 0000 00c5 
  0x00000273ea7bc384: f877 4889 | 45f8 498b | cf4c 8be4 | 4883 ec20 | 4883 e4f0 

  0x00000273ea7bc398: ;   {runtime_call}
  0x00000273ea7bc398: 49ba 6086 | 28da f87f | 0000 41ff | d249 8be4 | 4d33 e448 | 8b45 f841 | c787 4003 | 0000 0800 
  0x00000273ea7bc3b8: 0000 4181 | bfb0 0300 | 0002 0000 | 000f 843f 

  0x00000273ea7bc3c8: ;   {external_word}
  0x00000273ea7bc3c8: 0100 0049 | ba49 d662 | daf8 7f00 | 0041 803a | 000f 8450 | 0000 0048 

  0x00000273ea7bc3e0: ;   {metadata({method} {0x00000273800114a0} 'defineClass0' '(Ljava/lang/ClassLoader;Ljava/lang/Class;Ljava/lang/String;[BIILjava/security/ProtectionDomain;ZILjava/lang/Object;)Ljava/lang/Class;' in 'java/lang/ClassLoader')}
  0x00000273ea7bc3e0: 8945 f848 | ba98 1401 | 8073 0200 | 0049 8bcf | 4883 ec20 | f7c4 0f00 | 0000 0f84 | 1a00 0000 
  0x00000273ea7bc400: 4883 ec08 

  0x00000273ea7bc404: ;   {runtime_call}
  0x00000273ea7bc404: 49ba 5066 | 18da f87f | 0000 41ff | d248 83c4 | 08e9 0d00 

  0x00000273ea7bc418: ;   {runtime_call}
  0x00000273ea7bc418: 0000 49ba | 5066 18da | f87f 0000 | 41ff d248 | 83c4 2048 | 8b45 f849 | c787 9802 | 0000 0000 
  0x00000273ea7bc438: 0000 49c7 | 87a0 0200 | 0000 0000 | 00c5 f877 | 4885 c00f | 8493 0000 | 0048 f7c0 | 0100 0000 
  0x00000273ea7bc458: 0f84 8300 | 0000 488b | 40ff 4180 | 7f38 000f | 846f 0000 | 0048 83f8 | 000f 8465 | 0000 0049 
  0x00000273ea7bc478: 8b4f 2048 | 83f9 000f | 8414 0000 | 0048 83e9 | 0849 894f | 2049 034f | 3048 8901 | e943 0000 
  0x00000273ea7bc498: 0050 498b | d748 8bc8 | 4883 ec20 | f7c4 0f00 | 0000 0f84 | 1a00 0000 | 4883 ec08 

  0x00000273ea7bc4b4: ;   {runtime_call}
  0x00000273ea7bc4b4: 49ba 405a | d7d9 f87f | 0000 41ff | d248 83c4 | 08e9 0d00 

  0x00000273ea7bc4c8: ;   {runtime_call}
  0x00000273ea7bc4c8: 0000 49ba | 405a d7d9 | f87f 0000 | 41ff d248 | 83c4 2058 | e903 0000 | 0048 8b00 | 498b 8fd8 
  0x00000273ea7bc4e8: 0000 00c7 | 8100 0100 | 0000 0000 | 00c9 4981 | 7f08 0000 | 0000 0f85 | 0100 0000 

  0x00000273ea7bc504: ;   {runtime_call StubRoutines (1)}
  0x00000273ea7bc504: c3e9 f649 | 98ff c5f8 | 7748 8945 | f84c 8be4 | 4883 ec20 | 4883 e4f0 

  0x00000273ea7bc51c: ;   {runtime_call}
  0x00000273ea7bc51c: 49ba d096 | 18da f87f | 0000 41ff | d249 8be4 | 4d33 e448 | 8b45 f8e9 | 93fe ffff 
[/MachCode]


---------------  P R O C E S S  ---------------

Threads class SMR info:
_java_thread_list=0x00000273fa0388d0, length=13, elements={
0x00000273d855cbf0, 0x00000273d85f5dd0, 0x00000273d85f7b70, 0x00000273d860a5f0,
0x00000273d860dfe0, 0x00000273d860e8b0, 0x00000273f4a30350, 0x00000273f4a31760,
0x00000273f4a44de0, 0x00000273f4a47700, 0x00000273f90a2bb0, 0x00000273f90a38a0,
0x00000273fa001030
}

Java Threads: ( => current thread )
=>0x00000273d855cbf0 JavaThread "main" [_thread_in_vm, id=5720, stack(0x0000008905d00000,0x0000008905e00000)]
  0x00000273d85f5dd0 JavaThread "Reference Handler" daemon [_thread_blocked, id=9708, stack(0x0000008906400000,0x0000008906500000)]
  0x00000273d85f7b70 JavaThread "Finalizer" daemon [_thread_blocked, id=532, stack(0x0000008906500000,0x0000008906600000)]
  0x00000273d860a5f0 JavaThread "Signal Dispatcher" daemon [_thread_blocked, id=9336, stack(0x0000008906600000,0x0000008906700000)]
  0x00000273d860dfe0 JavaThread "Attach Listener" daemon [_thread_blocked, id=16192, stack(0x0000008906700000,0x0000008906800000)]
  0x00000273d860e8b0 JavaThread "Service Thread" daemon [_thread_blocked, id=8152, stack(0x0000008906800000,0x0000008906900000)]
  0x00000273f4a30350 JavaThread "Monitor Deflation Thread" daemon [_thread_blocked, id=13228, stack(0x0000008906900000,0x0000008906a00000)]
  0x00000273f4a31760 JavaThread "C2 CompilerThread0" daemon [_thread_blocked, id=12380, stack(0x0000008906a00000,0x0000008906b00000)]
  0x00000273f4a44de0 JavaThread "C1 CompilerThread0" daemon [_thread_blocked, id=2112, stack(0x0000008906b00000,0x0000008906c00000)]
  0x00000273f4a47700 JavaThread "Sweeper thread" daemon [_thread_blocked, id=7028, stack(0x0000008906c00000,0x0000008906d00000)]
  0x00000273f90a2bb0 JavaThread "Notification Thread" daemon [_thread_blocked, id=15688, stack(0x0000008906d00000,0x0000008906e00000)]
  0x00000273f90a38a0 JavaThread "Common-Cleaner" daemon [_thread_blocked, id=12784, stack(0x0000008906f00000,0x0000008907000000)]
  0x00000273fa001030 JavaThread "pool-1-thread-1" [_thread_blocked, id=17136, stack(0x0000008907300000,0x0000008907400000)]

Other Threads:
  0x00000273d85f1420 VMThread "VM Thread" [stack: 0x0000008906300000,0x0000008906400000] [id=16616]
  0x00000273f90ae130 WatcherThread [stack: 0x0000008906e00000,0x0000008906f00000] [id=4052]
  0x00000273d857c450 GCTaskThread "GC Thread#0" [stack: 0x0000008905e00000,0x0000008905f00000] [id=8520]
  0x00000273f90ad0d0 GCTaskThread "GC Thread#1" [stack: 0x0000008907000000,0x0000008907100000] [id=11004]
  0x00000273f92e4240 GCTaskThread "GC Thread#2" [stack: 0x0000008907100000,0x0000008907200000] [id=17184]
  0x00000273f92f26f0 GCTaskThread "GC Thread#3" [stack: 0x0000008907200000,0x0000008907300000] [id=17044]
  0x00000273d857dab0 ConcurrentGCThread "G1 Main Marker" [stack: 0x0000008905f00000,0x0000008906000000] [id=17112]
  0x00000273d857e3e0 ConcurrentGCThread "G1 Conc#0" [stack: 0x0000008906000000,0x0000008906100000] [id=17256]
  0x00000273d85d1a70 ConcurrentGCThread "G1 Refine#0" [stack: 0x0000008906100000,0x0000008906200000] [id=10780]
  0x00000273d85d23b0 ConcurrentGCThread "G1 Service" [stack: 0x0000008906200000,0x0000008906300000] [id=15848]

Threads with active compile tasks:

VM state: not at safepoint (normal execution)

VM Mutex/Monitor currently owned by a thread:  ([mutex/lock_event])
[0x00000273d8557d40] Metaspace_lock - owner thread: 0x00000273d855cbf0

Heap address: 0x00000000fc000000, size: 64 MB, Compressed Oops mode: 32-bit

CDS archive(s) mapped at: [0x0000027380000000-0x0000027380bc0000-0x0000027380bc0000), size 12320768, SharedBaseAddress: 0x0000027380000000, ArchiveRelocationMode: 1.
Compressed class space mapped at: 0x0000027381000000-0x00000273c1000000, reserved size: 1073741824
Narrow klass base: 0x0000027380000000, Narrow klass shift: 0, Narrow klass range: 0x100000000

GC Precious Log:
 CPUs: 4 total, 4 available
 Memory: 16242M
 Large Page Support: Disabled
 NUMA Support: Disabled
 Compressed Oops: Enabled (32-bit)
 Heap Region Size: 1M
 Heap Min Capacity: 64M
 Heap Initial Capacity: 64M
 Heap Max Capacity: 64M
 Pre-touch: Disabled
 Parallel Workers: 4
 Concurrent Workers: 1
 Concurrent Refinement Workers: 4
 Periodic GC: Disabled

Heap:
 garbage-first heap   total 65536K, used 14644K [0x00000000fc000000, 0x0000000100000000)
  region size 1024K, 7 young (7168K), 5 survivors (5120K)
 Metaspace       used 10588K, committed 10752K, reserved 1114112K
  class space    used 1368K, committed 1408K, reserved 1048576K

Heap Regions: E=young(eden), S=young(survivor), O=old, HS=humongous(starts), HC=humongous(continues), CS=collection set, F=free, OA=open archive, CA=closed archive, TAMS=top-at-mark-start (previous, next)
|   0|0x00000000fc000000, 0x00000000fc100000, 0x00000000fc100000|100%|HS|  |TAMS 0x00000000fc000000, 0x00000000fc000000| Complete 
|   1|0x00000000fc100000, 0x00000000fc200000, 0x00000000fc200000|100%|HC|  |TAMS 0x00000000fc100000, 0x00000000fc100000| Complete 
|   2|0x00000000fc200000, 0x00000000fc300000, 0x00000000fc300000|100%|HC|  |TAMS 0x00000000fc200000, 0x00000000fc200000| Complete 
|   3|0x00000000fc300000, 0x00000000fc400000, 0x00000000fc400000|100%| O|  |TAMS 0x00000000fc300000, 0x00000000fc300000| Untracked 
|   4|0x00000000fc400000, 0x00000000fc500000, 0x00000000fc500000|100%| O|  |TAMS 0x00000000fc400000, 0x00000000fc400000| Untracked 
|   5|0x00000000fc500000, 0x00000000fc600000, 0x00000000fc600000|100%| O|  |TAMS 0x00000000fc500000, 0x00000000fc500000| Untracked 
|   6|0x00000000fc600000, 0x00000000fc700000, 0x00000000fc700000|100%| O|  |TAMS 0x00000000fc600000, 0x00000000fc600000| Untracked 
|   7|0x00000000fc700000, 0x00000000fc800000, 0x00000000fc800000|100%| O|  |TAMS 0x00000000fc700000, 0x00000000fc700000| Untracked 
|   8|0x00000000fc800000, 0x00000000fc84d200, 0x00000000fc900000| 30%| O|  |TAMS 0x00000000fc800000, 0x00000000fc800000| Untracked 
|   9|0x00000000fc900000, 0x00000000fc900000, 0x00000000fca00000|  0%| F|  |TAMS 0x00000000fc900000, 0x00000000fc900000| Untracked 
|  10|0x00000000fca00000, 0x00000000fca00000, 0x00000000fcb00000|  0%| F|  |TAMS 0x00000000fca00000, 0x00000000fca00000| Untracked 
|  11|0x00000000fcb00000, 0x00000000fcb00000, 0x00000000fcc00000|  0%| F|  |TAMS 0x00000000fcb00000, 0x00000000fcb00000| Untracked 
|  12|0x00000000fcc00000, 0x00000000fcc00000, 0x00000000fcd00000|  0%| F|  |TAMS 0x00000000fcc00000, 0x00000000fcc00000| Untracked 
|  13|0x00000000fcd00000, 0x00000000fcd00000, 0x00000000fce00000|  0%| F|  |TAMS 0x00000000fcd00000, 0x00000000fcd00000| Untracked 
|  14|0x00000000fce00000, 0x00000000fce00000, 0x00000000fcf00000|  0%| F|  |TAMS 0x00000000fce00000, 0x00000000fce00000| Untracked 
|  15|0x00000000fcf00000, 0x00000000fcf00000, 0x00000000fd000000|  0%| F|  |TAMS 0x00000000fcf00000, 0x00000000fcf00000| Untracked 
|  16|0x00000000fd000000, 0x00000000fd000000, 0x00000000fd100000|  0%| F|  |TAMS 0x00000000fd000000, 0x00000000fd000000| Untracked 
|  17|0x00000000fd100000, 0x00000000fd100000, 0x00000000fd200000|  0%| F|  |TAMS 0x00000000fd100000, 0x00000000fd100000| Untracked 
|  18|0x00000000fd200000, 0x00000000fd200000, 0x00000000fd300000|  0%| F|  |TAMS 0x00000000fd200000, 0x00000000fd200000| Untracked 
|  19|0x00000000fd300000, 0x00000000fd300000, 0x00000000fd400000|  0%| F|  |TAMS 0x00000000fd300000, 0x00000000fd300000| Untracked 
|  20|0x00000000fd400000, 0x00000000fd400000, 0x00000000fd500000|  0%| F|  |TAMS 0x00000000fd400000, 0x00000000fd400000| Untracked 
|  21|0x00000000fd500000, 0x00000000fd600000, 0x00000000fd600000|100%| S|CS|TAMS 0x00000000fd500000, 0x00000000fd500000| Complete 
|  22|0x00000000fd600000, 0x00000000fd700000, 0x00000000fd700000|100%| S|CS|TAMS 0x00000000fd600000, 0x00000000fd600000| Complete 
|  23|0x00000000fd700000, 0x00000000fd800000, 0x00000000fd800000|100%| S|CS|TAMS 0x00000000fd700000, 0x00000000fd700000| Complete 
|  24|0x00000000fd800000, 0x00000000fd900000, 0x00000000fd900000|100%| S|CS|TAMS 0x00000000fd800000, 0x00000000fd800000| Complete 
|  25|0x00000000fd900000, 0x00000000fda00000, 0x00000000fda00000|100%| S|CS|TAMS 0x00000000fd900000, 0x00000000fd900000| Complete 
|  26|0x00000000fda00000, 0x00000000fda00000, 0x00000000fdb00000|  0%| F|  |TAMS 0x00000000fda00000, 0x00000000fda00000| Untracked 
|  27|0x00000000fdb00000, 0x00000000fdb00000, 0x00000000fdc00000|  0%| F|  |TAMS 0x00000000fdb00000, 0x00000000fdb00000| Untracked 
|  28|0x00000000fdc00000, 0x00000000fdc00000, 0x00000000fdd00000|  0%| F|  |TAMS 0x00000000fdc00000, 0x00000000fdc00000| Untracked 
|  29|0x00000000fdd00000, 0x00000000fdd00000, 0x00000000fde00000|  0%| F|  |TAMS 0x00000000fdd00000, 0x00000000fdd00000| Untracked 
|  30|0x00000000fde00000, 0x00000000fde00000, 0x00000000fdf00000|  0%| F|  |TAMS 0x00000000fde00000, 0x00000000fde00000| Untracked 
|  31|0x00000000fdf00000, 0x00000000fdf00000, 0x00000000fe000000|  0%| F|  |TAMS 0x00000000fdf00000, 0x00000000fdf00000| Untracked 
|  32|0x00000000fe000000, 0x00000000fe000000, 0x00000000fe100000|  0%| F|  |TAMS 0x00000000fe000000, 0x00000000fe000000| Untracked 
|  33|0x00000000fe100000, 0x00000000fe100000, 0x00000000fe200000|  0%| F|  |TAMS 0x00000000fe100000, 0x00000000fe100000| Untracked 
|  34|0x00000000fe200000, 0x00000000fe200000, 0x00000000fe300000|  0%| F|  |TAMS 0x00000000fe200000, 0x00000000fe200000| Untracked 
|  35|0x00000000fe300000, 0x00000000fe300000, 0x00000000fe400000|  0%| F|  |TAMS 0x00000000fe300000, 0x00000000fe300000| Untracked 
|  36|0x00000000fe400000, 0x00000000fe400000, 0x00000000fe500000|  0%| F|  |TAMS 0x00000000fe400000, 0x00000000fe400000| Untracked 
|  37|0x00000000fe500000, 0x00000000fe500000, 0x00000000fe600000|  0%| F|  |TAMS 0x00000000fe500000, 0x00000000fe500000| Untracked 
|  38|0x00000000fe600000, 0x00000000fe600000, 0x00000000fe700000|  0%| F|  |TAMS 0x00000000fe600000, 0x00000000fe600000| Untracked 
|  39|0x00000000fe700000, 0x00000000fe700000, 0x00000000fe800000|  0%| F|  |TAMS 0x00000000fe700000, 0x00000000fe700000| Untracked 
|  40|0x00000000fe800000, 0x00000000fe800000, 0x00000000fe900000|  0%| F|  |TAMS 0x00000000fe800000, 0x00000000fe800000| Untracked 
|  41|0x00000000fe900000, 0x00000000fe900000, 0x00000000fea00000|  0%| F|  |TAMS 0x00000000fe900000, 0x00000000fe900000| Untracked 
|  42|0x00000000fea00000, 0x00000000fea00000, 0x00000000feb00000|  0%| F|  |TAMS 0x00000000fea00000, 0x00000000fea00000| Untracked 
|  43|0x00000000feb00000, 0x00000000feb00000, 0x00000000fec00000|  0%| F|  |TAMS 0x00000000feb00000, 0x00000000feb00000| Untracked 
|  44|0x00000000fec00000, 0x00000000fec00000, 0x00000000fed00000|  0%| F|  |TAMS 0x00000000fec00000, 0x00000000fec00000| Untracked 
|  45|0x00000000fed00000, 0x00000000fed00000, 0x00000000fee00000|  0%| F|  |TAMS 0x00000000fed00000, 0x00000000fed00000| Untracked 
|  46|0x00000000fee00000, 0x00000000fee00000, 0x00000000fef00000|  0%| F|  |TAMS 0x00000000fee00000, 0x00000000fee00000| Untracked 
|  47|0x00000000fef00000, 0x00000000fef00000, 0x00000000ff000000|  0%| F|  |TAMS 0x00000000fef00000, 0x00000000fef00000| Untracked 
|  48|0x00000000ff000000, 0x00000000ff000000, 0x00000000ff100000|  0%| F|  |TAMS 0x00000000ff000000, 0x00000000ff000000| Untracked 
|  49|0x00000000ff100000, 0x00000000ff100000, 0x00000000ff200000|  0%| F|  |TAMS 0x00000000ff100000, 0x00000000ff100000| Untracked 
|  50|0x00000000ff200000, 0x00000000ff200000, 0x00000000ff300000|  0%| F|  |TAMS 0x00000000ff200000, 0x00000000ff200000| Untracked 
|  51|0x00000000ff300000, 0x00000000ff300000, 0x00000000ff400000|  0%| F|  |TAMS 0x00000000ff300000, 0x00000000ff300000| Untracked 
|  52|0x00000000ff400000, 0x00000000ff400000, 0x00000000ff500000|  0%| F|  |TAMS 0x00000000ff400000, 0x00000000ff400000| Untracked 
|  53|0x00000000ff500000, 0x00000000ff500000, 0x00000000ff600000|  0%| F|  |TAMS 0x00000000ff500000, 0x00000000ff500000| Untracked 
|  54|0x00000000ff600000, 0x00000000ff600000, 0x00000000ff700000|  0%| F|  |TAMS 0x00000000ff600000, 0x00000000ff600000| Untracked 
|  55|0x00000000ff700000, 0x00000000ff700000, 0x00000000ff800000|  0%| F|  |TAMS 0x00000000ff700000, 0x00000000ff700000| Untracked 
|  56|0x00000000ff800000, 0x00000000ff800000, 0x00000000ff900000|  0%| F|  |TAMS 0x00000000ff800000, 0x00000000ff800000| Untracked 
|  57|0x00000000ff900000, 0x00000000ff900000, 0x00000000ffa00000|  0%| F|  |TAMS 0x00000000ff900000, 0x00000000ff900000| Untracked 
|  58|0x00000000ffa00000, 0x00000000ffa00000, 0x00000000ffb00000|  0%| F|  |TAMS 0x00000000ffa00000, 0x00000000ffa00000| Untracked 
|  59|0x00000000ffb00000, 0x00000000ffb00000, 0x00000000ffc00000|  0%| F|  |TAMS 0x00000000ffb00000, 0x00000000ffb00000| Untracked 
|  60|0x00000000ffc00000, 0x00000000ffc00000, 0x00000000ffd00000|  0%| F|  |TAMS 0x00000000ffc00000, 0x00000000ffc00000| Untracked 
|  61|0x00000000ffd00000, 0x00000000ffd00000, 0x00000000ffe00000|  0%| F|  |TAMS 0x00000000ffd00000, 0x00000000ffd00000| Untracked 
|  62|0x00000000ffe00000, 0x00000000ffefda28, 0x00000000fff00000| 99%| E|  |TAMS 0x00000000ffe00000, 0x00000000ffe00000| Complete 
|  63|0x00000000fff00000, 0x0000000100000000, 0x0000000100000000|100%| E|CS|TAMS 0x00000000fff00000, 0x00000000fff00000| Complete 

Card table byte_map: [0x00000273f2250000,0x00000273f2270000] _byte_map_base: 0x00000273f1a70000

Marking Bits (Prev, Next): (CMBitMap*) 0x00000273d857c980, (CMBitMap*) 0x00000273d857c9c0
 Prev Bits: [0x00000273f2290000, 0x00000273f2390000)
 Next Bits: [0x00000273f2390000, 0x00000273f2490000)

Polling page: 0x00000273d8610000

Metaspace:

Usage:
  Non-class:      9.00 MB used.
      Class:      1.34 MB used.
       Both:     10.34 MB used.

Virtual space:
  Non-class space:       64.00 MB reserved,       9.12 MB ( 14%) committed,  1 nodes.
      Class space:        1.00 GB reserved,       1.38 MB ( <1%) committed,  1 nodes.
             Both:        1.06 GB reserved,      10.50 MB ( <1%) committed. 

Chunk freelists:
   Non-Class:  6.23 MB
       Class:  14.42 MB
        Both:  20.66 MB

MaxMetaspaceSize: unlimited
CompressedClassSpaceSize: 1.00 GB
Initial GC threshold: 21.00 MB
Current GC threshold: 21.00 MB
CDS: on
MetaspaceReclaimPolicy: balanced
 - commit_granule_bytes: 65536.
 - commit_granule_words: 8192.
 - virtual_space_node_default_size: 8388608.
 - enlarge_chunks_in_place: 1.
 - new_chunks_are_fully_committed: 0.
 - uncommit_free_chunks: 1.
 - use_allocation_guard: 0.
 - handle_deallocations: 1.


Internal statistics:

num_allocs_failed_limit: 0.
num_arena_births: 94.
num_arena_deaths: 0.
num_vsnodes_births: 2.
num_vsnodes_deaths: 0.
num_space_committed: 168.
num_space_uncommitted: 0.
num_chunks_returned_to_freelist: 0.
num_chunks_taken_from_freelist: 383.
num_chunk_merges: 0.
num_chunk_splits: 250.
num_chunks_enlarged: 201.
num_inconsistent_stats: 0.

CodeHeap 'non-profiled nmethods': size=120000Kb used=898Kb max_used=898Kb free=119101Kb
 bounds [0x00000273ea6e0000, 0x00000273ea950000, 0x00000273f1c10000]
CodeHeap 'profiled nmethods': size=120000Kb used=3961Kb max_used=3961Kb free=116039Kb
 bounds [0x00000273e2c10000, 0x00000273e2ff0000, 0x00000273ea140000]
CodeHeap 'non-nmethods': size=5760Kb used=1191Kb max_used=1211Kb free=4568Kb
 bounds [0x00000273ea140000, 0x00000273ea3b0000, 0x00000273ea6e0000]
 total_blobs=2565 nmethods=2072 adapters=406
 compilation: enabled
              stopped_count=0, restarted_count=0
 full_count=0

Compilation events (20 events):
Event: 89.081 Thread 0x00000273f4a31760 2062       4       org.gradle.internal.logging.text.AbstractLineChoppingStyledTextOutput$StateContext::hasChar (25 bytes)
Event: 89.082 Thread 0x00000273f4a31760 nmethod 2062 0x00000273ea7bd010 code [0x00000273ea7bd1a0, 0x00000273ea7bd258]
Event: 89.082 Thread 0x00000273f4a31760 2063       4       org.gradle.internal.logging.text.AbstractLineChoppingStyledTextOutput$1::execute (9 bytes)
Event: 89.083 Thread 0x00000273f4a44de0 2067       3       sun.nio.cs.SingleByte::withResult (25 bytes)
Event: 89.083 Thread 0x00000273f4a44de0 nmethod 2067 0x00000273e2feb110 code [0x00000273e2feb2e0, 0x00000273e2feb718]
Event: 89.083 Thread 0x00000273f4a44de0 2068   !   3       java.nio.charset.CharsetEncoder::encode (273 bytes)
Event: 89.086 Thread 0x00000273f4a44de0 nmethod 2068 0x00000273e2feb890 code [0x00000273e2febbc0, 0x00000273e2fed078]
Event: 89.086 Thread 0x00000273f4a44de0 2069       3       sun.nio.cs.SingleByte$Encoder::encodeLoop (28 bytes)
Event: 89.086 Thread 0x00000273f4a44de0 nmethod 2069 0x00000273e2fed790 code [0x00000273e2fed980, 0x00000273e2fedd78]
Event: 89.095 Thread 0x00000273f4a31760 nmethod 2063 0x00000273ea7bd310 code [0x00000273ea7bd520, 0x00000273ea7bdd70]
Event: 89.095 Thread 0x00000273f4a31760 2065       4       org.gradle.internal.logging.text.AbstractLineChoppingStyledTextOutput$1::execute (140 bytes)
Event: 89.108 Thread 0x00000273f4a31760 nmethod 2065 0x00000273ea7be410 code [0x00000273ea7be620, 0x00000273ea7bee70]
Event: 89.108 Thread 0x00000273f4a31760 2066       4       org.gradle.internal.logging.text.AbstractLineChoppingStyledTextOutput$2::execute (77 bytes)
Event: 89.118 Thread 0x00000273f4a31760 nmethod 2066 0x00000273ea7bf510 code [0x00000273ea7bf700, 0x00000273ea7bfd30]
Event: 89.121 Thread 0x00000273f4a31760 2070       4       java.util.ArrayList::iterator (9 bytes)
Event: 89.122 Thread 0x00000273f4a31760 nmethod 2070 0x00000273ea7c0210 code [0x00000273ea7c03a0, 0x00000273ea7c0498]
Event: 89.134 Thread 0x00000273f4a44de0 2071       1       java.lang.invoke.MethodHandleNatives::isPullModeBSM (2 bytes)
Event: 89.134 Thread 0x00000273f4a44de0 nmethod 2071 0x00000273ea7c0590 code [0x00000273ea7c0720, 0x00000273ea7c07d8]
Event: 89.135 Thread 0x00000273f4a44de0 2072       3       java.lang.invoke.ConstantCallSite::getTarget (20 bytes)
Event: 89.135 Thread 0x00000273f4a44de0 nmethod 2072 0x00000273e2fedf10 code [0x00000273e2fee0c0, 0x00000273e2fee2e8]

GC Heap History (6 events):
Event: 0.565 GC heap before
{Heap before GC invocations=0 (full 0):
 garbage-first heap   total 65536K, used 13312K [0x00000000fc000000, 0x0000000100000000)
  region size 1024K, 13 young (13312K), 0 survivors (0K)
 Metaspace       used 1654K, committed 1792K, reserved 1114112K
  class space    used 158K, committed 192K, reserved 1048576K
}
Event: 0.568 GC heap after
{Heap after GC invocations=1 (full 0):
 garbage-first heap   total 65536K, used 1512K [0x00000000fc000000, 0x0000000100000000)
  region size 1024K, 2 young (2048K), 2 survivors (2048K)
 Metaspace       used 1654K, committed 1792K, reserved 1114112K
  class space    used 158K, committed 192K, reserved 1048576K
}
Event: 0.954 GC heap before
{Heap before GC invocations=1 (full 0):
 garbage-first heap   total 65536K, used 21992K [0x00000000fc000000, 0x0000000100000000)
  region size 1024K, 20 young (20480K), 2 survivors (2048K)
 Metaspace       used 1943K, committed 2112K, reserved 1114112K
  class space    used 171K, committed 256K, reserved 1048576K
}
Event: 0.960 GC heap after
{Heap after GC invocations=2 (full 0):
 garbage-first heap   total 65536K, used 10079K [0x00000000fc000000, 0x0000000100000000)
  region size 1024K, 3 young (3072K), 3 survivors (3072K)
 Metaspace       used 1943K, committed 2112K, reserved 1114112K
  class space    used 171K, committed 256K, reserved 1048576K
}
Event: 48.592 GC heap before
{Heap before GC invocations=2 (full 0):
 garbage-first heap   total 65536K, used 45919K [0x00000000fc000000, 0x0000000100000000)
  region size 1024K, 38 young (38912K), 3 survivors (3072K)
 Metaspace       used 10292K, committed 10432K, reserved 1114112K
  class space    used 1333K, committed 1408K, reserved 1048576K
}
Event: 48.597 GC heap after
{Heap after GC invocations=3 (full 0):
 garbage-first heap   total 65536K, used 13620K [0x00000000fc000000, 0x0000000100000000)
  region size 1024K, 5 young (5120K), 5 survivors (5120K)
 Metaspace       used 10292K, committed 10432K, reserved 1114112K
  class space    used 1333K, committed 1408K, reserved 1048576K
}

Dll operation events (13 events):
Event: 0.011 Loaded shared library C:\Program Files\OpenLogic\jdk-17.0.16.8-hotspot\bin\java.dll
Event: 0.029 Loaded shared library C:\Program Files\OpenLogic\jdk-17.0.16.8-hotspot\bin\jsvml.dll
Event: 0.067 Loaded shared library C:\Program Files\OpenLogic\jdk-17.0.16.8-hotspot\bin\net.dll
Event: 0.074 Loaded shared library C:\Program Files\OpenLogic\jdk-17.0.16.8-hotspot\bin\nio.dll
Event: 0.080 Loaded shared library C:\Program Files\OpenLogic\jdk-17.0.16.8-hotspot\bin\zip.dll
Event: 0.090 Loaded shared library C:\Program Files\OpenLogic\jdk-17.0.16.8-hotspot\bin\verify.dll
Event: 0.711 Loaded shared library C:\Program Files\OpenLogic\jdk-17.0.16.8-hotspot\bin\jimage.dll
Event: 1.338 Loaded shared library C:\Program Files\OpenLogic\jdk-17.0.16.8-hotspot\bin\management.dll
Event: 1.346 Loaded shared library C:\Program Files\OpenLogic\jdk-17.0.16.8-hotspot\bin\management_ext.dll
Event: 1.566 Loaded shared library C:\Users\LATITUDE\.gradle\native\1def1411415f61bf3af743bc5b6707747c0891f09f0c88961ee8f79bc544acac\windows-amd64\native-platform.dll
Event: 1.652 Loaded shared library C:\Users\LATITUDE\.gradle\native\jansi\1.18\windows64\jansi.dll
Event: 2.275 Loaded shared library C:\Program Files\OpenLogic\jdk-17.0.16.8-hotspot\bin\extnet.dll
Event: 6.093 Loaded shared library C:\Program Files\OpenLogic\jdk-17.0.16.8-hotspot\bin\sunmscapi.dll

Deoptimization events (20 events):
Event: 6.070 Thread 0x00000273d855cbf0 Uncommon trap: trap_request=0xffffff45 fr.pc=0x00000273ea7977a4 relative=0x0000000000001c44
Event: 6.070 Thread 0x00000273d855cbf0 Uncommon trap: reason=unstable_if action=reinterpret pc=0x00000273ea7977a4 method=sun.nio.fs.WindowsPathParser.nextNonSlash(Ljava/lang/String;II)I @ 2 c2
Event: 6.070 Thread 0x00000273d855cbf0 DEOPT PACKING pc=0x00000273ea7977a4 sp=0x0000008905dfc280
Event: 6.070 Thread 0x00000273d855cbf0 DEOPT UNPACKING pc=0x00000273ea1969a3 sp=0x0000008905dfc200 mode 2
Event: 6.119 Thread 0x00000273d855cbf0 Uncommon trap: trap_request=0xffffffc6 fr.pc=0x00000273ea79dcd8 relative=0x00000000000014f8
Event: 6.119 Thread 0x00000273d855cbf0 Uncommon trap: reason=bimorphic_or_optimized_type_check action=maybe_recompile pc=0x00000273ea79dcd8 method=java.util.HashMap.putVal(ILjava/lang/Object;Ljava/lang/Object;ZZ)Ljava/lang/Object; @ 203 c2
Event: 6.119 Thread 0x00000273d855cbf0 DEOPT PACKING pc=0x00000273ea79dcd8 sp=0x0000008905dfa710
Event: 6.119 Thread 0x00000273d855cbf0 DEOPT UNPACKING pc=0x00000273ea1969a3 sp=0x0000008905dfa648 mode 2
Event: 6.120 Thread 0x00000273d855cbf0 Uncommon trap: trap_request=0xffffffc6 fr.pc=0x00000273ea79dcd8 relative=0x00000000000014f8
Event: 6.120 Thread 0x00000273d855cbf0 Uncommon trap: reason=bimorphic_or_optimized_type_check action=maybe_recompile pc=0x00000273ea79dcd8 method=java.util.HashMap.putVal(ILjava/lang/Object;Ljava/lang/Object;ZZ)Ljava/lang/Object; @ 203 c2
Event: 6.120 Thread 0x00000273d855cbf0 DEOPT PACKING pc=0x00000273ea79dcd8 sp=0x0000008905dfa710
Event: 6.120 Thread 0x00000273d855cbf0 DEOPT UNPACKING pc=0x00000273ea1969a3 sp=0x0000008905dfa648 mode 2
Event: 6.120 Thread 0x00000273d855cbf0 Uncommon trap: trap_request=0xffffffc6 fr.pc=0x00000273ea79dcd8 relative=0x00000000000014f8
Event: 6.120 Thread 0x00000273d855cbf0 Uncommon trap: reason=bimorphic_or_optimized_type_check action=maybe_recompile pc=0x00000273ea79dcd8 method=java.util.HashMap.putVal(ILjava/lang/Object;Ljava/lang/Object;ZZ)Ljava/lang/Object; @ 203 c2
Event: 6.120 Thread 0x00000273d855cbf0 DEOPT PACKING pc=0x00000273ea79dcd8 sp=0x0000008905dfa710
Event: 6.120 Thread 0x00000273d855cbf0 DEOPT UNPACKING pc=0x00000273ea1969a3 sp=0x0000008905dfa648 mode 2
Event: 6.129 Thread 0x00000273d855cbf0 Uncommon trap: trap_request=0xffffffc6 fr.pc=0x00000273ea79dcd8 relative=0x00000000000014f8
Event: 6.129 Thread 0x00000273d855cbf0 Uncommon trap: reason=bimorphic_or_optimized_type_check action=maybe_recompile pc=0x00000273ea79dcd8 method=java.util.HashMap.putVal(ILjava/lang/Object;Ljava/lang/Object;ZZ)Ljava/lang/Object; @ 203 c2
Event: 6.129 Thread 0x00000273d855cbf0 DEOPT PACKING pc=0x00000273ea79dcd8 sp=0x0000008905dfa710
Event: 6.129 Thread 0x00000273d855cbf0 DEOPT UNPACKING pc=0x00000273ea1969a3 sp=0x0000008905dfa648 mode 2

Classes loaded (20 events):
Event: 89.044 Loading class sun/nio/fs/WindowsSecurityDescriptor
Event: 89.044 Loading class sun/nio/fs/WindowsSecurityDescriptor done
Event: 89.045 Loading class sun/nio/fs/WindowsChannelFactory
Event: 89.045 Loading class sun/nio/fs/WindowsChannelFactory done
Event: 89.045 Loading class sun/nio/fs/WindowsChannelFactory$1
Event: 89.045 Loading class sun/nio/fs/WindowsChannelFactory$1 done
Event: 89.045 Loading class sun/nio/fs/WindowsChannelFactory$Flags
Event: 89.046 Loading class sun/nio/fs/WindowsChannelFactory$Flags done
Event: 89.046 Loading class sun/nio/fs/WindowsChannelFactory$2
Event: 89.046 Loading class sun/nio/fs/WindowsChannelFactory$2 done
Event: 89.047 Loading class sun/nio/ch/FileChannelImpl$Closer
Event: 89.047 Loading class sun/nio/ch/FileChannelImpl$Closer done
Event: 89.049 Loading class java/util/stream/Streams$1
Event: 89.049 Loading class java/util/stream/Streams$1 done
Event: 89.054 Loading class java/nio/file/FileChannelLinesSpliterator$1
Event: 89.054 Loading class java/nio/file/FileChannelLinesSpliterator$1 done
Event: 89.054 Loading class java/nio/channels/Channels
Event: 89.054 Loading class java/nio/channels/Channels done
Event: 89.066 Loading class java/util/concurrent/ConcurrentLinkedQueue$Itr
Event: 89.066 Loading class java/util/concurrent/ConcurrentLinkedQueue$Itr done

Classes unloaded (0 events):
No events

Classes redefined (0 events):
No events

Internal exceptions (20 events):
Event: 1.581 Thread 0x00000273d855cbf0 Exception <a 'java/lang/NoSuchMethodError'{0x00000000ff7c1c10}: 'void java.lang.invoke.DelegatingMethodHandle$Holder.delegate(java.lang.Object, java.lang.Object, int, java.lang.Object)'> (0x00000000ff7c1c10) 
thrown [s\src\hotspot\share\interpreter\linkResolver.cpp, line 759]
Event: 1.584 Thread 0x00000273d855cbf0 Exception <a 'java/lang/NoSuchMethodError'{0x00000000ff7d5258}: 'java.lang.Object java.lang.invoke.Invokers$Holder.invokeExact_MT(java.lang.Object, java.lang.Object, java.lang.Object, java.lang.Object)'> (0x00000000ff7d5258) 
thrown [s\src\hotspot\share\interpreter\linkResolver.cpp, line 759]
Event: 1.600 Thread 0x00000273d855cbf0 Exception <a 'java/lang/NoSuchMethodError'{0x00000000ff600610}: 'java.lang.Object java.lang.invoke.DirectMethodHandle$Holder.invokeVirtual(java.lang.Object, java.lang.Object, java.lang.Object)'> (0x00000000ff600610) 
thrown [s\src\hotspot\share\interpreter\linkResolver.cpp, line 759]
Event: 1.782 Thread 0x00000273d855cbf0 Exception <a 'java/lang/NoSuchMethodError'{0x00000000ff21a080}: 'java.lang.Object java.lang.invoke.DirectMethodHandle$Holder.newInvokeSpecial(java.lang.Object, java.lang.Object, java.lang.Object, java.lang.Object, java.lang.Object)'> (0x00000000ff21a080) 
thrown [s\src\hotspot\share\interpreter\linkResolver.cpp, line 759]
Event: 1.856 Thread 0x00000273d855cbf0 Exception <a 'java/lang/NoSuchMethodError'{0x00000000ff1aa748}: 'void java.lang.invoke.DirectMethodHandle$Holder.invokeSpecial(java.lang.Object, java.lang.Object, java.lang.Object)'> (0x00000000ff1aa748) 
thrown [s\src\hotspot\share\interpreter\linkResolver.cpp, line 759]
Event: 2.289 Thread 0x00000273d855cbf0 Exception <a 'java/lang/NoSuchMethodError'{0x00000000fefce5b0}: 'void java.lang.invoke.DirectMethodHandle$Holder.invokeStatic(java.lang.Object, java.lang.Object, java.lang.Object)'> (0x00000000fefce5b0) 
thrown [s\src\hotspot\share\interpreter\linkResolver.cpp, line 759]
Event: 2.462 Thread 0x00000273d855cbf0 Exception <a 'java/lang/NoSuchMethodError'{0x00000000fec6c4e8}: 'java.lang.Object java.lang.invoke.DirectMethodHandle$Holder.newInvokeSpecial(java.lang.Object, java.lang.Object, java.lang.Object, java.lang.Object, java.lang.Object, java.lang.Object, java.lang.Object, java.lang.Object, java.lang.Object, java.lang.Object, java.lang.Object, java.lang.Object, java.lang.Object, java.lang.Object, java.lang.Object, java.lang.Object, java.lang.Object, java.lang.Object, java.lang.Object, java.lang.Object, java.lang
Event: 2.464 Thread 0x00000273d855cbf0 Exception <a 'java/lang/NoSuchMethodError'{0x00000000fec78af0}: 'java.lang.Object java.lang.invoke.Invokers$Holder.linkToTargetMethod(java.lang.Object, java.lang.Object, java.lang.Object, java.lang.Object, java.lang.Object, java.lang.Object, java.lang.Object, java.lang.Object, java.lang.Object, java.lang.Object, java.lang.Object, java.lang.Object, java.lang.Object, java.lang.Object, java.lang.Object, java.lang.Object, java.lang.Object, java.lang.Object, java.lang.Object, java.lang.Object, java.lang.Object,
Event: 2.578 Thread 0x00000273d855cbf0 Exception <a 'java/lang/NoSuchMethodError'{0x00000000fe7df0a8}: 'java.lang.Object java.lang.invoke.DirectMethodHandle$Holder.invokeStaticInit(java.lang.Object, int, int, int, int)'> (0x00000000fe7df0a8) 
thrown [s\src\hotspot\share\interpreter\linkResolver.cpp, line 759]
Event: 2.660 Thread 0x00000273d855cbf0 Exception <a 'java/lang/NoSuchMethodError'{0x00000000fe65cb98}: 'java.lang.Object java.lang.invoke.DirectMethodHandle$Holder.invokeStaticInit(java.lang.Object, java.lang.Object, int, int, int, int)'> (0x00000000fe65cb98) 
thrown [s\src\hotspot\share\interpreter\linkResolver.cpp, line 759]
Event: 2.712 Thread 0x00000273d855cbf0 Implicit null exception at 0x00000273ea728872 to 0x00000273ea728e8c
Event: 2.747 Thread 0x00000273d855cbf0 Exception <a 'java/net/ConnectException'{0x00000000fe555f70}: Connection refused: getsockopt> (0x00000000fe555f70) 
thrown [s\src\hotspot\share\prims\jni.cpp, line 535]
Event: 3.103 Thread 0x00000273fa0d7b90 Exception <a 'java/lang/NoSuchMethodError'{0x00000000fdd8e2b8}: 'void java.lang.invoke.DirectMethodHandle$Holder.invokeStatic(java.lang.Object, long)'> (0x00000000fdd8e2b8) 
thrown [s\src\hotspot\share\interpreter\linkResolver.cpp, line 759]
Event: 3.106 Thread 0x00000273fa0d7b90 Exception <a 'java/lang/NoSuchMethodError'{0x00000000fdd93c10}: 'java.lang.Object java.lang.invoke.DirectMethodHandle$Holder.newInvokeSpecial(java.lang.Object, long)'> (0x00000000fdd93c10) 
thrown [s\src\hotspot\share\interpreter\linkResolver.cpp, line 759]
Event: 3.115 Thread 0x00000273fa0d7b90 Exception <a 'java/lang/NoSuchMethodError'{0x00000000fdd9e7a8}: 'java.lang.Object java.lang.invoke.DirectMethodHandle$Holder.invokeStaticInit(java.lang.Object, java.lang.Object, long, java.lang.Object)'> (0x00000000fdd9e7a8) 
thrown [s\src\hotspot\share\interpreter\linkResolver.cpp, line 759]
Event: 3.116 Thread 0x00000273fa0d7b90 Exception <a 'java/lang/NoSuchMethodError'{0x00000000fdda4e30}: 'java.lang.Object java.lang.invoke.DirectMethodHandle$Holder.newInvokeSpecial(java.lang.Object, java.lang.Object, long)'> (0x00000000fdda4e30) 
thrown [s\src\hotspot\share\interpreter\linkResolver.cpp, line 759]
Event: 3.116 Thread 0x00000273fa0d7b90 Exception <a 'java/lang/NoSuchMethodError'{0x00000000fdda9120}: 'java.lang.Object java.lang.invoke.Invokers$Holder.linkToTargetMethod(java.lang.Object, long, java.lang.Object)'> (0x00000000fdda9120) 
thrown [s\src\hotspot\share\interpreter\linkResolver.cpp, line 759]
Event: 89.033 Thread 0x00000273d855cbf0 Exception <a 'sun/net/ConnectionResetException'{0x00000000fff67a60}: Connection reset> (0x00000000fff67a60) 
thrown [s\src\hotspot\share\prims\jni.cpp, line 535]
Event: 89.058 Thread 0x00000273d855cbf0 Exception <a 'java/lang/NoSuchMethodError'{0x00000000fffb2ae0}: 'int java.lang.invoke.DirectMethodHandle$Holder.invokeVirtual(java.lang.Object, java.lang.Object)'> (0x00000000fffb2ae0) 
thrown [s\src\hotspot\share\interpreter\linkResolver.cpp, line 759]
Event: 89.065 Thread 0x00000273d855cbf0 Exception <a 'java/io/IOException'{0x00000000fffbdee0}: Connection reset by peer> (0x00000000fffbdee0) 
thrown [s\src\hotspot\share\prims\jni.cpp, line 535]

VM Operations (20 events):
Event: 63.190 Executing VM operation: Cleanup
Event: 63.191 Executing VM operation: Cleanup done
Event: 66.212 Executing VM operation: Cleanup
Event: 66.212 Executing VM operation: Cleanup done
Event: 67.225 Executing VM operation: Cleanup
Event: 67.225 Executing VM operation: Cleanup done
Event: 74.254 Executing VM operation: Cleanup
Event: 74.254 Executing VM operation: Cleanup done
Event: 76.262 Executing VM operation: Cleanup
Event: 76.262 Executing VM operation: Cleanup done
Event: 83.326 Executing VM operation: Cleanup
Event: 83.326 Executing VM operation: Cleanup done
Event: 84.574 Executing VM operation: HandshakeAllThreads
Event: 84.574 Executing VM operation: HandshakeAllThreads done
Event: 84.574 Executing VM operation: Cleanup
Event: 84.574 Executing VM operation: Cleanup done
Event: 86.576 Executing VM operation: Cleanup
Event: 86.576 Executing VM operation: Cleanup done
Event: 87.583 Executing VM operation: Cleanup
Event: 87.583 Executing VM operation: Cleanup done

Memory protections (0 events):
No events

Nmethod flushes (0 events):
No events

Events (20 events):
Event: 0.040 Thread 0x00000273d855cbf0 Thread added: 0x00000273d860a5f0
Event: 0.041 Thread 0x00000273d855cbf0 Thread added: 0x00000273d860dfe0
Event: 0.041 Thread 0x00000273d855cbf0 Thread added: 0x00000273d860e8b0
Event: 0.041 Thread 0x00000273d855cbf0 Thread added: 0x00000273f4a30350
Event: 0.041 Thread 0x00000273d855cbf0 Thread added: 0x00000273f4a31760
Event: 0.041 Thread 0x00000273d855cbf0 Thread added: 0x00000273f4a44de0
Event: 0.041 Thread 0x00000273d855cbf0 Thread added: 0x00000273f4a47700
Event: 0.060 Thread 0x00000273d855cbf0 Thread added: 0x00000273f90a2bb0
Event: 0.062 Thread 0x00000273d855cbf0 Thread added: 0x00000273f90a38a0
Event: 0.699 Thread 0x00000273f4a44de0 Thread added: 0x00000273f92de490
Event: 1.269 Thread 0x00000273f92de490 Thread exited: 0x00000273f92de490
Event: 1.684 Thread 0x00000273d855cbf0 Thread added: 0x00000273fa001030
Event: 1.707 Thread 0x00000273f4a44de0 Thread added: 0x00000273f9d1e750
Event: 2.173 Thread 0x00000273f9d1e750 Thread exited: 0x00000273f9d1e750
Event: 3.084 Thread 0x00000273d855cbf0 Thread added: 0x00000273fa0d7b90
Event: 3.124 Thread 0x00000273fa0d7b90 Thread added: 0x00000273fa0d6450
Event: 3.125 Thread 0x00000273fa0d6450 Thread exited: 0x00000273fa0d6450
Event: 3.126 Thread 0x00000273fa0d7b90 Thread added: 0x00000273fa0d6450
Event: 6.035 Thread 0x00000273fa0d7b90 Thread exited: 0x00000273fa0d7b90
Event: 6.035 Thread 0x00000273fa0d6450 Thread exited: 0x00000273fa0d6450


Dynamic libraries:
0x00007ff6dcaa0000 - 0x00007ff6dcaae000 	C:\Program Files\OpenLogic\jdk-17.0.16.8-hotspot\bin\java.exe
0x00007ff97f3d0000 - 0x00007ff97f5e7000 	C:\Windows\SYSTEM32\ntdll.dll
0x00007ff97d770000 - 0x00007ff97d834000 	C:\Windows\System32\KERNEL32.DLL
0x00007ff97c970000 - 0x00007ff97cd27000 	C:\Windows\System32\KERNELBASE.dll
0x00007ff97c6e0000 - 0x00007ff97c7f1000 	C:\Windows\System32\ucrtbase.dll
0x00007ff963390000 - 0x00007ff9633a7000 	C:\Program Files\OpenLogic\jdk-17.0.16.8-hotspot\bin\jli.dll
0x00007ff963370000 - 0x00007ff96338b000 	C:\Program Files\OpenLogic\jdk-17.0.16.8-hotspot\bin\VCRUNTIME140.dll
0x00007ff97e160000 - 0x00007ff97e30f000 	C:\Windows\System32\USER32.dll
0x00007ff965680000 - 0x00007ff965913000 	C:\Windows\WinSxS\amd64_microsoft.windows.common-controls_6595b64144ccf1df_6.0.22621.3672_none_2713b9d173822955\COMCTL32.dll
0x00007ff97d0d0000 - 0x00007ff97d0f6000 	C:\Windows\System32\win32u.dll
0x00007ff97e310000 - 0x00007ff97e3b7000 	C:\Windows\System32\msvcrt.dll
0x00007ff97d600000 - 0x00007ff97d629000 	C:\Windows\System32\GDI32.dll
0x00007ff97cdb0000 - 0x00007ff97cec8000 	C:\Windows\System32\gdi32full.dll
0x00007ff97cf70000 - 0x00007ff97d00a000 	C:\Windows\System32\msvcp_win.dll
0x00007ff97d580000 - 0x00007ff97d5b1000 	C:\Windows\System32\IMM32.DLL
0x00007ff974d70000 - 0x00007ff974d7c000 	C:\Program Files\OpenLogic\jdk-17.0.16.8-hotspot\bin\vcruntime140_1.dll
0x00007ff9632e0000 - 0x00007ff96336d000 	C:\Program Files\OpenLogic\jdk-17.0.16.8-hotspot\bin\msvcp140.dll
0x00007ff8d9aa0000 - 0x00007ff8da70c000 	C:\Program Files\OpenLogic\jdk-17.0.16.8-hotspot\bin\server\jvm.dll
0x00007ff97e3c0000 - 0x00007ff97e472000 	C:\Windows\System32\ADVAPI32.dll
0x00007ff97d840000 - 0x00007ff97d8e8000 	C:\Windows\System32\sechost.dll
0x00007ff97cf40000 - 0x00007ff97cf68000 	C:\Windows\System32\bcrypt.dll
0x00007ff97dfb0000 - 0x00007ff97e0c4000 	C:\Windows\System32\RPCRT4.dll
0x00007ff97d6f0000 - 0x00007ff97d761000 	C:\Windows\System32\WS2_32.dll
0x00007ff97c5b0000 - 0x00007ff97c5fd000 	C:\Windows\SYSTEM32\POWRPROF.dll
0x00007ff973370000 - 0x00007ff97337a000 	C:\Windows\SYSTEM32\VERSION.dll
0x00007ff974820000 - 0x00007ff974854000 	C:\Windows\SYSTEM32\WINMM.dll
0x00007ff97c590000 - 0x00007ff97c5a3000 	C:\Windows\SYSTEM32\UMPDC.dll
0x00007ff97b6f0000 - 0x00007ff97b708000 	C:\Windows\SYSTEM32\kernel.appcore.dll
0x00007ff9632d0000 - 0x00007ff9632da000 	C:\Program Files\OpenLogic\jdk-17.0.16.8-hotspot\bin\jimage.dll
0x00007ff976f80000 - 0x00007ff9771b2000 	C:\Windows\SYSTEM32\DBGHELP.DLL
0x00007ff97e480000 - 0x00007ff97e80e000 	C:\Windows\System32\combase.dll
0x00007ff97f2b0000 - 0x00007ff97f387000 	C:\Windows\System32\OLEAUT32.dll
0x00007ff95a270000 - 0x00007ff95a2a2000 	C:\Windows\SYSTEM32\dbgcore.DLL
0x00007ff97cd30000 - 0x00007ff97cdab000 	C:\Windows\System32\bcryptPrimitives.dll
0x00007ff9632a0000 - 0x00007ff9632c5000 	C:\Program Files\OpenLogic\jdk-17.0.16.8-hotspot\bin\java.dll
0x00007ff944880000 - 0x00007ff944956000 	C:\Program Files\OpenLogic\jdk-17.0.16.8-hotspot\bin\jsvml.dll
0x00007ff97e870000 - 0x00007ff97f0d9000 	C:\Windows\System32\SHELL32.dll
0x00007ff97a600000 - 0x00007ff97aeff000 	C:\Windows\SYSTEM32\windows.storage.dll
0x00007ff97a4c0000 - 0x00007ff97a5ff000 	C:\Windows\SYSTEM32\wintypes.dll
0x00007ff97de00000 - 0x00007ff97def9000 	C:\Windows\System32\SHCORE.dll
0x00007ff97df50000 - 0x00007ff97dfae000 	C:\Windows\System32\shlwapi.dll
0x00007ff97c610000 - 0x00007ff97c637000 	C:\Windows\SYSTEM32\profapi.dll
0x00007ff957ce0000 - 0x00007ff957cf9000 	C:\Program Files\OpenLogic\jdk-17.0.16.8-hotspot\bin\net.dll
0x00007ff972d50000 - 0x00007ff972e86000 	C:\Windows\SYSTEM32\WINHTTP.dll
0x00007ff97bb50000 - 0x00007ff97bbb9000 	C:\Windows\system32\mswsock.dll
0x00007ff94be10000 - 0x00007ff94be26000 	C:\Program Files\OpenLogic\jdk-17.0.16.8-hotspot\bin\nio.dll
0x00007ff94bdf0000 - 0x00007ff94be08000 	C:\Program Files\OpenLogic\jdk-17.0.16.8-hotspot\bin\zip.dll
0x00007ff9625e0000 - 0x00007ff9625f0000 	C:\Program Files\OpenLogic\jdk-17.0.16.8-hotspot\bin\verify.dll
0x00007ff957cd0000 - 0x00007ff957cd9000 	C:\Program Files\OpenLogic\jdk-17.0.16.8-hotspot\bin\management.dll
0x00007ff947710000 - 0x00007ff94771b000 	C:\Program Files\OpenLogic\jdk-17.0.16.8-hotspot\bin\management_ext.dll
0x00007ff97d5c0000 - 0x00007ff97d5c8000 	C:\Windows\System32\PSAPI.DLL
0x00007ff957ca0000 - 0x00007ff957cc7000 	C:\Users\LATITUDE\.gradle\native\1def1411415f61bf3af743bc5b6707747c0891f09f0c88961ee8f79bc544acac\windows-amd64\native-platform.dll
0x00007ff947700000 - 0x00007ff94770a000 	C:\Users\LATITUDE\.gradle\native\jansi\1.18\windows64\jansi.dll
0x00007ff97b160000 - 0x00007ff97b18d000 	C:\Windows\SYSTEM32\IPHLPAPI.DLL
0x00007ff97dc90000 - 0x00007ff97dc99000 	C:\Windows\System32\NSI.dll
0x00007ff973380000 - 0x00007ff973399000 	C:\Windows\SYSTEM32\dhcpcsvc6.DLL
0x00007ff972c60000 - 0x00007ff972c7f000 	C:\Windows\SYSTEM32\dhcpcsvc.DLL
0x00007ff97b1d0000 - 0x00007ff97b2d2000 	C:\Windows\SYSTEM32\DNSAPI.dll
0x00007ff9476f0000 - 0x00007ff9476f8000 	C:\Program Files\OpenLogic\jdk-17.0.16.8-hotspot\bin\extnet.dll
0x00007ff97bea0000 - 0x00007ff97bebb000 	C:\Windows\SYSTEM32\CRYPTSP.dll
0x00007ff97b650000 - 0x00007ff97b685000 	C:\Windows\system32\rsaenh.dll
0x00007ff97bbf0000 - 0x00007ff97bc18000 	C:\Windows\SYSTEM32\USERENV.dll
0x00007ff97be80000 - 0x00007ff97be8c000 	C:\Windows\SYSTEM32\CRYPTBASE.dll
0x00007ff944d40000 - 0x00007ff944d4e000 	C:\Program Files\OpenLogic\jdk-17.0.16.8-hotspot\bin\sunmscapi.dll
0x00007ff97c800000 - 0x00007ff97c966000 	C:\Windows\System32\CRYPT32.dll
0x00007ff97bfb0000 - 0x00007ff97bfdd000 	C:\Windows\SYSTEM32\ncrypt.dll
0x00007ff97bf70000 - 0x00007ff97bfa7000 	C:\Windows\SYSTEM32\NTASN1.dll
0x00007ff95a460000 - 0x00007ff95a468000 	C:\Windows\system32\wshunix.dll

dbghelp: loaded successfully - version: 4.0.5 - missing functions: none
symbol engine: initialized successfully - sym options: 0x614 - pdb path: .;C:\Program Files\OpenLogic\jdk-17.0.16.8-hotspot\bin;C:\Windows\SYSTEM32;C:\Windows\WinSxS\amd64_microsoft.windows.common-controls_6595b64144ccf1df_6.0.22621.3672_none_2713b9d173822955;C:\Program Files\OpenLogic\jdk-17.0.16.8-hotspot\bin\server;C:\Users\LATITUDE\.gradle\native\1def1411415f61bf3af743bc5b6707747c0891f09f0c88961ee8f79bc544acac\windows-amd64;C:\Users\LATITUDE\.gradle\native\jansi\1.18\windows64

VM Arguments:
jvm_args: -Xmx64m -Xms64m -Dorg.gradle.appname=gradlew 
java_command: D:\Aplex\android\\gradle\wrapper\gradle-wrapper.jar assembleDebug
java_class_path (initial): D:\Aplex\android\\gradle\wrapper\gradle-wrapper.jar
Launcher Type: SUN_STANDARD

[Global flags]
     intx CICompilerCount                          = 3                                         {product} {ergonomic}
     uint ConcGCThreads                            = 1                                         {product} {ergonomic}
     uint G1ConcRefinementThreads                  = 4                                         {product} {ergonomic}
   size_t G1HeapRegionSize                         = 1048576                                   {product} {ergonomic}
    uintx GCDrainStackTargetSize                   = 64                                        {product} {ergonomic}
   size_t InitialHeapSize                          = 67108864                                  {product} {command line}
   size_t MarkStackSize                            = 4194304                                   {product} {ergonomic}
   size_t MaxHeapSize                              = 67108864                                  {product} {command line}
   size_t MaxNewSize                               = 39845888                                  {product} {ergonomic}
   size_t MinHeapDeltaBytes                        = 1048576                                   {product} {ergonomic}
   size_t MinHeapSize                              = 67108864                                  {product} {command line}
    uintx NonNMethodCodeHeapSize                   = 5832780                                {pd product} {ergonomic}
    uintx NonProfiledCodeHeapSize                  = 122912730                              {pd product} {ergonomic}
    uintx ProfiledCodeHeapSize                     = 122912730                              {pd product} {ergonomic}
    uintx ReservedCodeCacheSize                    = 251658240                              {pd product} {ergonomic}
     bool SegmentedCodeCache                       = true                                      {product} {ergonomic}
   size_t SoftMaxHeapSize                          = 67108864                               {manageable} {ergonomic}
     bool UseCompressedClassPointers               = true                           {product lp64_product} {ergonomic}
     bool UseCompressedOops                        = true                           {product lp64_product} {ergonomic}
     bool UseG1GC                                  = true                                      {product} {ergonomic}
     bool UseLargePagesIndividualAllocation        = false                                  {pd product} {ergonomic}

Logging:
Log output configuration:
 #0: stdout all=warning uptime,level,tags
 #1: stderr all=off uptime,level,tags

Environment Variables:
JAVA_HOME=C:\Program Files\OpenLogic\jdk-17.0.16.8-hotspot
PATH=D:\Aplex\node_modules\.bin;D:\node_modules\.bin;C:\Users\LATITUDE\AppData\Roaming\npm\node_modules\npm\node_modules\@npmcli\run-script\lib\node-gyp-bin;C:\Program Files\Python312\Scripts\;C:\Program Files\Python312\;C:\Windows\system32;C:\Windows;C:\Windows\System32\Wbem;C:\Windows\System32\WindowsPowerShell\v1.0\;C:\Windows\System32\OpenSSH\;C:\Program Files\Git\cmd;C:\Program Files (x86)\dotnet\;C:\Users\LATITUDE\AppData\Roaming\Python\Python312\Scripts;C:\Users\LATITUDE\AppData\Local\Android\Sdk\emulator;C:\Users\LATITUDE\AppData\Local\Android\Sdk\platform-tools;C:\Program Files\OpenLogic\jdk-17.0.16.8-hotspot\bin;C:\Users\LATITUDE\AppData\Local\Android\Sdk\build-tools\36.0.0;C:\Program Files\GitHub CLI\;C:\Program Files\Docker\Docker\resources\bin;C:\Program Files\nodejs\;C:\Users\LATITUDE\.local\bin;C:\Users\LATITUDE\AppData\Local\Microsoft\WindowsApps;C:\Users\LATITUDE\AppData\Local\Programs\Microsoft VS Code\bin;C:\Users\LATITUDE\AppData\Local\GitHubDesktop\bin;C:\Users\LATITUDE\AppData\Local\Android\Sdk\platform-tools;C:\Users\LATITUDE\AppData\Local\Android\Sdk\emulator;C:\Users\LATITUDE\AppData\Local\Programs\Antigravity\bin;C:\Users\LATITUDE\AppData\Roaming\npm;c:\Users\LATITUDE\.antigravity\extensions\vscjava.vscode-java-debug-0.58.5-universal\bundled\scripts\noConfigScripts
USERNAME=Taha
LANG=en_US.UTF-8
OS=Windows_NT
PROCESSOR_IDENTIFIER=Intel64 Family 6 Model 142 Stepping 9, GenuineIntel
TMP=C:\Users\LATITUDE\AppData\Local\Temp
TEMP=C:\Users\LATITUDE\AppData\Local\Temp



Periodic native trim disabled


---------------  S Y S T E M  ---------------

OS:
 Windows 11 , 64 bit Build 22621 (10.0.22621.3958)
OS uptime: 0 days 1:34 hours
Hyper-V role detected

CPU: total 4 (initial active 4) (2 cores per cpu, 2 threads per core) family 6 model 142 stepping 9 microcode 0xf6, cx8, cmov, fxsr, ht, mmx, 3dnowpref, sse, sse2, sse3, ssse3, sse4.1, sse4.2, popcnt, lzcnt, tsc, tscinvbit, avx, avx2, aes, erms, clmul, bmi1, bmi2, rtm, adx, fma, vzeroupper, clflush, clflushopt, hv
Processor Information for all 4 processors :
  Max Mhz: 2904, Current Mhz: 2803, Mhz Limit: 2787

Memory: 4k page, system-wide physical 16242M (2507M free)
TotalPageFile size 20601M (AvailPageFile size 944M)
current process WorkingSet (physical memory assigned to process): 114M, peak: 114M
current process commit charge ("private bytes"): 160M, peak: 162M

vm_info: OpenJDK 64-Bit Server VM (17.0.16+8-adhoc..jdk17u) for windows-amd64 JRE (17.0.16+8-adhoc..jdk17u), built on Jul 17 2025 04:35:30 by "" with MS VC++ 16.10 / 16.11 (VS2019)

END.
