#
# There is insufficient memory for the Java Runtime Environment to continue.
# Native memory allocation (mmap) failed to map 266338304 bytes. Error detail: G1 virtual space
# Possible reasons:
#   The system is out of physical RAM or swap space
#   This process is running with CompressedOops enabled, and the Java Heap may be blocking the growth of the native heap
# Possible solutions:
#   Reduce memory load on the system
#   Increase physical memory or swap space
#   Check if swap backing store is full
#   Decrease Java heap size (-Xmx/-Xms)
#   Decrease number of Java threads
#   Decrease Java thread stack sizes (-Xss)
#   Set larger code cache with -XX:ReservedCodeCacheSize=
#   JVM is running with Zero Based Compressed Oops mode in which the Java heap is
#     placed in the first 32GB address space. The Java Heap base address is the
#     maximum limit for the native heap growth. Please use -XX:HeapBaseMinAddress
#     to set the Java Heap base and to place the Java Heap above 32GB virtual address.
# This output file may be truncated or incomplete.
#
#  Out of Memory Error (os_windows.cpp:3618), pid=8344, tid=14636
#
# JRE version:  (17.0.16+8) (build )
# Java VM: OpenJDK 64-Bit Server VM (17.0.16+8-adhoc..jdk17u, mixed mode, sharing, tiered, compressed oops, compressed class ptrs, g1 gc, windows-amd64)
# No core dump will be written. Minidumps are not enabled by default on client versions of Windows
#

---------------  S U M M A R Y ------------

Command Line: org.jetbrains.kotlin.cli.jvm.K2JVMCompiler @D:\Aplex\node_modules\@react-native\gradle-plugin\shared\build\20260203_17308393893395294734.compiler.options

Host: Intel(R) Core(TM) i7-7600U CPU @ 2.80GHz, 4 cores, 15G,  Windows 11 , 64 bit Build 22621 (10.0.22621.3958)
Time: Tue Feb  3 15:37:18 2026 Pakistan Standard Time elapsed time: 0.032640 seconds (0d 0h 0m 0s)

---------------  T H R E A D  ---------------

Current thread (0x000001efcb3df190):  JavaThread "Unknown thread" [_thread_in_vm, id=14636, stack(0x000000c6d0a00000,0x000000c6d0b00000)]

Stack: [0x000000c6d0a00000,0x000000c6d0b00000]
Native frames: (J=compiled Java code, j=interpreted, Vv=VM code, C=native code)
V  [jvm.dll+0x681269]
V  [jvm.dll+0x838d1a]
V  [jvm.dll+0x83a7de]
V  [jvm.dll+0x83ae43]
V  [jvm.dll+0x2484af]
V  [jvm.dll+0x67df99]
V  [jvm.dll+0x672a6a]
V  [jvm.dll+0x30849b]
V  [jvm.dll+0x30f986]
V  [jvm.dll+0x35fcfe]
V  [jvm.dll+0x35ff3f]
V  [jvm.dll+0x2df44c]
V  [jvm.dll+0x2e03a4]
V  [jvm.dll+0x80a50b]
V  [jvm.dll+0x36da71]
V  [jvm.dll+0x7e8ff5]
V  [jvm.dll+0x3f175e]
V  [jvm.dll+0x3f32e1]
C  [jli.dll+0x52ab]
C  [ucrtbase.dll+0x29333]
C  [KERNEL32.DLL+0x1257d]
C  [ntdll.dll+0x5af08]


---------------  P R O C E S S  ---------------

Threads class SMR info:
_java_thread_list=0x00007ffb26d28f18, length=0, elements={
}

Java Threads: ( => current thread )

Other Threads:
  0x000001efcb44bd80 GCTaskThread "GC Thread#0" [stack: 0x000000c6d0b00000,0x000000c6d0c00000] [id=2456]
  0x000001efcb45caa0 ConcurrentGCThread "G1 Main Marker" [stack: 0x000000c6d0c00000,0x000000c6d0d00000] [id=1600]
  0x000001efcb45d4c0 ConcurrentGCThread "G1 Conc#0" [stack: 0x000000c6d0d00000,0x000000c6d0e00000] [id=19320]

[error occurred during error reporting (printing all threads), id 0xc0000005, EXCEPTION_ACCESS_VIOLATION (0xc0000005) at pc=0x00007ffb264dfb87]

VM state: not at safepoint (not fully initialized)

VM Mutex/Monitor currently owned by a thread:  ([mutex/lock_event])
[0x000001efcb3d9ef0] Heap_lock - owner thread: 0x000001efcb3df190

Heap address: 0x0000000702200000, size: 4062 MB, Compressed Oops mode: Zero based, Oop shift amount: 3

CDS archive(s) mapped at: [0x0000000000000000-0x0000000000000000-0x0000000000000000), size 0, SharedBaseAddress: 0x0000000800000000, ArchiveRelocationMode: 1.
Narrow klass base: 0x0000000000000000, Narrow klass shift: 0, Narrow klass range: 0x0

GC Precious Log:
<Empty>

Heap:
 garbage-first heap   total 0K, used 0K [0x0000000702200000, 0x0000000800000000)
  region size 2048K, 0 young (0K), 0 survivors (0K)

[error occurred during error reporting (printing heap information), id 0xc0000005, EXCEPTION_ACCESS_VIOLATION (0xc0000005) at pc=0x00007ffb268ca469]

GC Heap History (0 events):
No events

Dll operation events (1 events):
Event: 0.017 Loaded shared library C:\Program Files\OpenLogic\jdk-17.0.16.8-hotspot\bin\java.dll

Deoptimization events (0 events):
No events

Classes loaded (0 events):
No events

Classes unloaded (0 events):
No events

Classes redefined (0 events):
No events

Internal exceptions (0 events):
No events

VM Operations (0 events):
No events

Memory protections (0 events):
No events

Nmethod flushes (0 events):
No events

Events (0 events):
No events


Dynamic libraries:
0x00007ff647c40000 - 0x00007ff647c4e000 	C:\Program Files\OpenLogic\jdk-17.0.16.8-hotspot\bin\java.exe
0x00007ffb77590000 - 0x00007ffb777a7000 	C:\Windows\SYSTEM32\ntdll.dll
0x00007ffb76650000 - 0x00007ffb76714000 	C:\Windows\System32\KERNEL32.DLL
0x00007ffb74cf0000 - 0x00007ffb750a7000 	C:\Windows\System32\KERNELBASE.dll
0x00007ffb74b50000 - 0x00007ffb74c61000 	C:\Windows\System32\ucrtbase.dll
0x00007ffb48bf0000 - 0x00007ffb48c07000 	C:\Program Files\OpenLogic\jdk-17.0.16.8-hotspot\bin\jli.dll
0x00007ffb48aa0000 - 0x00007ffb48abb000 	C:\Program Files\OpenLogic\jdk-17.0.16.8-hotspot\bin\VCRUNTIME140.dll
0x00007ffb767a0000 - 0x00007ffb7694f000 	C:\Windows\System32\USER32.dll
0x00007ffb74b20000 - 0x00007ffb74b46000 	C:\Windows\System32\win32u.dll
0x00007ffb5b430000 - 0x00007ffb5b6c3000 	C:\Windows\WinSxS\amd64_microsoft.windows.common-controls_6595b64144ccf1df_6.0.22621.3672_none_2713b9d173822955\COMCTL32.dll
0x00007ffb76540000 - 0x00007ffb76569000 	C:\Windows\System32\GDI32.dll
0x00007ffb763d0000 - 0x00007ffb76477000 	C:\Windows\System32\msvcrt.dll
0x00007ffb75170000 - 0x00007ffb75288000 	C:\Windows\System32\gdi32full.dll
0x00007ffb74a80000 - 0x00007ffb74b1a000 	C:\Windows\System32\msvcp_win.dll
0x00007ffb75c80000 - 0x00007ffb75cb1000 	C:\Windows\System32\IMM32.DLL
0x00007ffb62e30000 - 0x00007ffb62e3c000 	C:\Program Files\OpenLogic\jdk-17.0.16.8-hotspot\bin\vcruntime140_1.dll
0x00007ffb35a40000 - 0x00007ffb35acd000 	C:\Program Files\OpenLogic\jdk-17.0.16.8-hotspot\bin\msvcp140.dll
0x00007ffb261f0000 - 0x00007ffb26e5c000 	C:\Program Files\OpenLogic\jdk-17.0.16.8-hotspot\bin\server\jvm.dll
0x00007ffb76480000 - 0x00007ffb76532000 	C:\Windows\System32\ADVAPI32.dll
0x00007ffb76a70000 - 0x00007ffb76b18000 	C:\Windows\System32\sechost.dll
0x00007ffb75290000 - 0x00007ffb752b8000 	C:\Windows\System32\bcrypt.dll
0x00007ffb75b60000 - 0x00007ffb75c74000 	C:\Windows\System32\RPCRT4.dll
0x00007ffb765d0000 - 0x00007ffb76641000 	C:\Windows\System32\WS2_32.dll
0x00007ffb74770000 - 0x00007ffb747bd000 	C:\Windows\SYSTEM32\POWRPROF.dll
0x00007ffb6a0b0000 - 0x00007ffb6a0ba000 	C:\Windows\SYSTEM32\VERSION.dll
0x00007ffb6b580000 - 0x00007ffb6b5b4000 	C:\Windows\SYSTEM32\WINMM.dll
0x00007ffb74750000 - 0x00007ffb74763000 	C:\Windows\SYSTEM32\UMPDC.dll
0x00007ffb738b0000 - 0x00007ffb738c8000 	C:\Windows\SYSTEM32\kernel.appcore.dll
0x00007ffb5aa20000 - 0x00007ffb5aa2a000 	C:\Program Files\OpenLogic\jdk-17.0.16.8-hotspot\bin\jimage.dll
0x00007ffb6f160000 - 0x00007ffb6f392000 	C:\Windows\SYSTEM32\DBGHELP.DLL
0x00007ffb76000000 - 0x00007ffb7638e000 	C:\Windows\System32\combase.dll
0x00007ffb76c00000 - 0x00007ffb76cd7000 	C:\Windows\System32\OLEAUT32.dll
0x00007ffb4c390000 - 0x00007ffb4c3c2000 	C:\Windows\SYSTEM32\dbgcore.DLL
0x00007ffb74c70000 - 0x00007ffb74ceb000 	C:\Windows\System32\bcryptPrimitives.dll
0x00007ffb3e5f0000 - 0x00007ffb3e615000 	C:\Program Files\OpenLogic\jdk-17.0.16.8-hotspot\bin\java.dll

dbghelp: loaded successfully - version: 4.0.5 - missing functions: none
symbol engine: initialized successfully - sym options: 0x614 - pdb path: .;C:\Program Files\OpenLogic\jdk-17.0.16.8-hotspot\bin;C:\Windows\SYSTEM32;C:\Windows\WinSxS\amd64_microsoft.windows.common-controls_6595b64144ccf1df_6.0.22621.3672_none_2713b9d173822955;C:\Program Files\OpenLogic\jdk-17.0.16.8-hotspot\bin\server

VM Arguments:
java_command: org.jetbrains.kotlin.cli.jvm.K2JVMCompiler @D:\Aplex\node_modules\@react-native\gradle-plugin\shared\build\20260203_17308393893395294734.compiler.options
java_class_path (initial): C:\Users\LATITUDE\.gradle\caches\modules-2\files-2.1\org.jetbrains.kotlin\kotlin-compiler-embeddable\2.1.20\4ef56b3316798316bfac7a0ae443391c9e900ea1\kotlin-compiler-embeddable-2.1.20.jar;C:\Users\LATITUDE\.gradle\caches\modules-2\files-2.1\org.jetbrains.kotlin\kotlin-stdlib\2.1.20\aa8ca79cd50578314f6d1180c47cbe14c0fee567\kotlin-stdlib-2.1.20.jar;C:\Users\LATITUDE\.gradle\caches\modules-2\files-2.1\org.jetbrains.kotlin\kotlin-script-runtime\2.1.20\f7c623d7f7bdb01f5ccd6b437bc0a937fcd7c57e\kotlin-script-runtime-2.1.20.jar;C:\Users\LATITUDE\.gradle\caches\modules-2\files-2.1\org.jetbrains.kotlin\kotlin-reflect\1.6.10\1cbe9c92c12a94eea200d23c2bbaedaf3daf5132\kotlin-reflect-1.6.10.jar;C:\Users\LATITUDE\.gradle\caches\modules-2\files-2.1\org.jetbrains.kotlin\kotlin-daemon-embeddable\2.1.20\95670fce77befd02a70a0bc3abe8ee4533521334\kotlin-daemon-embeddable-2.1.20.jar;C:\Users\LATITUDE\.gradle\caches\modules-2\files-2.1\org.jetbrains.intellij.deps\trove4j\1.0.20200330\3afb14d5f9ceb459d724e907a21145e8ff394f02\trove4j-1.0.20200330.jar;C:\Users\LATITUDE\.gradle\caches\modules-2\files-2.1\org.jetbrains.kotlinx\kotlinx-coroutines-core-jvm\1.8.0\ac1dc37a30a93150b704022f8d895ee1bd3a36b3\kotlinx-coroutines-core-jvm-1.8.0.jar;C:\Users\LATITUDE\.gradle\caches\modules-2\files-2.1\org.jetbrains\annotations\13.0\919f0dfe192fb4e063e7dacadee7f8bb9a2672a9\annotations-13.0.jar
Launcher Type: SUN_STANDARD

[Global flags]
     intx CICompilerCount                          = 3                                         {product} {ergonomic}
     uint ConcGCThreads                            = 1                                         {product} {ergonomic}
     uint G1ConcRefinementThreads                  = 4                                         {product} {ergonomic}
   size_t G1HeapRegionSize                         = 2097152                                   {product} {ergonomic}
    uintx GCDrainStackTargetSize                   = 64                                        {product} {ergonomic}
   size_t InitialHeapSize                          = 266338304                                 {product} {ergonomic}
   size_t MarkStackSize                            = 4194304                                   {product} {ergonomic}
   size_t MaxHeapSize                              = 4259315712                                {product} {ergonomic}
   size_t MinHeapDeltaBytes                        = 2097152                                   {product} {ergonomic}
   size_t MinHeapSize                              = 8388608                                   {product} {ergonomic}
    uintx NonNMethodCodeHeapSize                   = 5832780                                {pd product} {ergonomic}
    uintx NonProfiledCodeHeapSize                  = 122912730                              {pd product} {ergonomic}
    uintx ProfiledCodeHeapSize                     = 122912730                              {pd product} {ergonomic}
    uintx ReservedCodeCacheSize                    = 251658240                              {pd product} {ergonomic}
     bool SegmentedCodeCache                       = true                                      {product} {ergonomic}
   size_t SoftMaxHeapSize                          = 4259315712                             {manageable} {ergonomic}
     bool UseCompressedClassPointers               = true                           {product lp64_product} {ergonomic}
     bool UseCompressedOops                        = true                           {product lp64_product} {ergonomic}
     bool UseG1GC                                  = true                                      {product} {ergonomic}
     bool UseLargePagesIndividualAllocation        = false                                  {pd product} {ergonomic}

Logging:
Log output configuration:
 #0: stdout all=warning uptime,level,tags
 #1: stderr all=off uptime,level,tags

Environment Variables:
JAVA_HOME=C:\Program Files\OpenLogic\jdk-17.0.16.8-hotspot
PATH=D:\Aplex\node_modules\.bin;D:\Aplex\node_modules\.bin;D:\node_modules\.bin;C:\Users\LATITUDE\AppData\Roaming\npm\node_modules\npm\node_modules\@npmcli\run-script\lib\node-gyp-bin;C:\Program Files\Python312\Scripts\;C:\Program Files\Python312\;C:\Windows\system32;C:\Windows;C:\Windows\System32\Wbem;C:\Windows\System32\WindowsPowerShell\v1.0\;C:\Windows\System32\OpenSSH\;C:\Program Files\Git\cmd;C:\Program Files (x86)\dotnet\;C:\Users\LATITUDE\AppData\Roaming\Python\Python312\Scripts;C:\Users\LATITUDE\AppData\Local\Android\Sdk\emulator;C:\Users\LATITUDE\AppData\Local\Android\Sdk\platform-tools;C:\Program Files\OpenLogic\jdk-17.0.16.8-hotspot\bin;C:\Users\LATITUDE\AppData\Local\Android\Sdk\build-tools\36.0.0;C:\Program Files\GitHub CLI\;C:\Program Files\Docker\Docker\resources\bin;C:\Program Files\nodejs\;C:\Users\LATITUDE\.local\bin;C:\Users\LATITUDE\AppData\Local\Microsoft\WindowsApps;C:\Users\LATITUDE\AppData\Local\Programs\Microsoft VS Code\bin;C:\Users\LATITUDE\AppData\Local\GitHubDesktop\bin;C:\Users\LATITUDE\AppData\Local\Android\Sdk\platform-tools;C:\Users\LATITUDE\AppData\Local\Android\Sdk\emulator;C:\Users\LATITUDE\AppData\Local\Programs\cursor\resources\app\bin;C:\Users\LATITUDE\AppData\Local\Programs\Antigravity\bin;C:\Users\LATITUDE\AppData\Roaming\npm;c:\Users\LATITUDE\.antigravity\extensions\vscjava.vscode-java-debug-0.58.5-universal\bundled\scripts\noConfigScripts
USERNAME=Taha
LANG=en_US.UTF-8
OS=Windows_NT
PROCESSOR_IDENTIFIER=Intel64 Family 6 Model 142 Stepping 9, GenuineIntel
TMP=C:\Users\LATITUDE\AppData\Local\Temp
TEMP=C:\Users\LATITUDE\AppData\Local\Temp



Periodic native trim disabled


---------------  S Y S T E M  ---------------

OS:
 Windows 11 , 64 bit Build 22621 (10.0.22621.3958)
OS uptime: 0 days 20:49 hours
Hyper-V role detected

CPU: total 4 (initial active 4) (2 cores per cpu, 2 threads per core) family 6 model 142 stepping 9 microcode 0xf6, cx8, cmov, fxsr, ht, mmx, 3dnowpref, sse, sse2, sse3, ssse3, sse4.1, sse4.2, popcnt, lzcnt, tsc, tscinvbit, avx, avx2, aes, erms, clmul, bmi1, bmi2, rtm, adx, fma, vzeroupper, clflush, clflushopt, hv
Processor Information for processor 0
  Max Mhz: 2904, Current Mhz: 2803, Mhz Limit: 2787
Processor Information for processor 1
  Max Mhz: 2904, Current Mhz: 2803, Mhz Limit: 2787
Processor Information for processor 2
  Max Mhz: 2904, Current Mhz: 1502, Mhz Limit: 2787
Processor Information for processor 3
  Max Mhz: 2904, Current Mhz: 2803, Mhz Limit: 2787

Memory: 4k page, system-wide physical 16242M (4614M free)
TotalPageFile size 16425M (AvailPageFile size 181M)
current process WorkingSet (physical memory assigned to process): 11M, peak: 11M
current process commit charge ("private bytes"): 52M, peak: 306M

vm_info: OpenJDK 64-Bit Server VM (17.0.16+8-adhoc..jdk17u) for windows-amd64 JRE (17.0.16+8-adhoc..jdk17u), built on Jul 17 2025 04:35:30 by "" with MS VC++ 16.10 / 16.11 (VS2019)

END.
